NoMethodError - undefined method `text' for #<Sinatra::Application:0x000001015c2360>:
 /Users/hgimenez/code/play/rtfmroulette/rtfmroulette.rb:4:in `block in <top (required)>'
 /Users/hgimenez/.rvm/gems/ruby-1.9.2-p290/gems/sinatra-1.2.7/lib/sinatra/base.rb:1172:in `call'
 /Users/hgimenez/.rvm/gems/ruby-1.9.2-p290/gems/sinatra-1.2.7/lib/sinatra/base.rb:1172:in `block in compile!'
 /Users/hgimenez/.rvm/gems/ruby-1.9.2-p290/gems/sinatra-1.2.7/lib/sinatra/base.rb:736:in `instance_eval'
 /Users/hgimenez/.rvm/gems/ruby-1.9.2-p290/gems/sinatra-1.2.7/lib/sinatra/base.rb:736:in `route_eval'
 /Users/hgimenez/.rvm/gems/ruby-1.9.2-p290/gems/sinatra-1.2.7/lib/sinatra/base.rb:720:in `block (2 levels) in route!'
 /Users/hgimenez/.rvm/gems/ruby-1.9.2-p290/gems/sinatra-1.2.7/lib/sinatra/base.rb:770:in `block in process_route'
 /Users/hgimenez/.rvm/gems/ruby-1.9.2-p290/gems/sinatra-1.2.7/lib/sinatra/base.rb:767:in `catch'
 /Users/hgimenez/.rvm/gems/ruby-1.9.2-p290/gems/sinatra-1.2.7/lib/sinatra/base.rb:767:in `process_route'
 /Users/hgimenez/.rvm/gems/ruby-1.9.2-p290/gems/sinatra-1.2.7/lib/sinatra/base.rb:719:in `block in route!'
 /Users/hgimenez/.rvm/gems/ruby-1.9.2-p290/gems/sinatra-1.2.7/lib/sinatra/base.rb:718:in `each'
 /Users/hgimenez/.rvm/gems/ruby-1.9.2-p290/gems/sinatra-1.2.7/lib/sinatra/base.rb:718:in `route!'
 /Users/hgimenez/.rvm/gems/ruby-1.9.2-p290/gems/sinatra-1.2.7/lib/sinatra/base.rb:854:in `dispatch!'
 /Users/hgimenez/.rvm/gems/ruby-1.9.2-p290/gems/sinatra-1.2.7/lib/sinatra/base.rb:656:in `block in call!'
 /Users/hgimenez/.rvm/gems/ruby-1.9.2-p290/gems/sinatra-1.2.7/lib/sinatra/base.rb:820:in `block in invoke'
 /Users/hgimenez/.rvm/gems/ruby-1.9.2-p290/gems/sinatra-1.2.7/lib/sinatra/base.rb:820:in `catch'
 /Users/hgimenez/.rvm/gems/ruby-1.9.2-p290/gems/sinatra-1.2.7/lib/sinatra/base.rb:820:in `invoke'
 /Users/hgimenez/.rvm/gems/ruby-1.9.2-p290/gems/sinatra-1.2.7/lib/sinatra/base.rb:656:in `call!'
 /Users/hgimenez/.rvm/gems/ruby-1.9.2-p290/gems/sinatra-1.2.7/lib/sinatra/base.rb:641:in `call'
 /Users/hgimenez/.rvm/gems/ruby-1.9.2-p290/gems/rack-1.3.5/lib/rack/head.rb:9:in `call'
 /Users/hgimenez/.rvm/gems/ruby-1.9.2-p290/gems/rack-1.3.5/lib/rack/commonlogger.rb:20:in `call'
 /Users/hgimenez/.rvm/gems/ruby-1.9.2-p290/gems/rack-1.3.5/lib/rack/methodoverride.rb:24:in `call'
 /Users/hgimenez/.rvm/gems/ruby-1.9.2-p290/gems/sinatra-1.2.7/lib/sinatra/base.rb:1292:in `block in call'
 /Users/hgimenez/.rvm/gems/ruby-1.9.2-p290/gems/sinatra-1.2.7/lib/sinatra/base.rb:1323:in `synchronize'
 /Users/hgimenez/.rvm/gems/ruby-1.9.2-p290/gems/sinatra-1.2.7/lib/sinatra/base.rb:1292:in `call'
 /Users/hgimenez/.rvm/gems/ruby-1.9.2-p290/gems/thin-1.2.11/lib/thin/connection.rb:84:in `block in pre_process'
 /Users/hgimenez/.rvm/gems/ruby-1.9.2-p290/gems/thin-1.2.11/lib/thin/connection.rb:82:in `catch'
 /Users/hgimenez/.rvm/gems/ruby-1.9.2-p290/gems/thin-1.2.11/lib/thin/connection.rb:82:in `pre_process'
 /Users/hgimenez/.rvm/gems/ruby-1.9.2-p290/gems/thin-1.2.11/lib/thin/connection.rb:57:in `process'
 /Users/hgimenez/.rvm/gems/ruby-1.9.2-p290/gems/thin-1.2.11/lib/thin/connection.rb:42:in `receive_data'
 /Users/hgimenez/.rvm/gems/ruby-1.9.2-p290/gems/eventmachine-0.12.10/lib/eventmachine.rb:256:in `run_machine'
 /Users/hgimenez/.rvm/gems/ruby-1.9.2-p290/gems/eventmachine-0.12.10/lib/eventmachine.rb:256:in `run'
 /Users/hgimenez/.rvm/gems/ruby-1.9.2-p290/gems/thin-1.2.11/lib/thin/backends/base.rb:61:in `start'
 /Users/hgimenez/.rvm/gems/ruby-1.9.2-p290/gems/thin-1.2.11/lib/thin/server.rb:159:in `start'
 /Users/hgimenez/.rvm/gems/ruby-1.9.2-p290/gems/thin-1.2.11/lib/thin/controllers/controller.rb:86:in `start'
 /Users/hgimenez/.rvm/gems/ruby-1.9.2-p290/gems/thin-1.2.11/lib/thin/runner.rb:185:in `run_command'
 /Users/hgimenez/.rvm/gems/ruby-1.9.2-p290/gems/thin-1.2.11/lib/thin/runner.rb:151:in `run!'
 /Users/hgimenez/.rvm/gems/ruby-1.9.2-p290/gems/thin-1.2.11/bin/thin:6:in `<top (required)>'
 /Users/hgimenez/.rvm/gems/ruby-1.9.2-p290/bin/thin:19:in `load'
 /Users/hgimenez/.rvm/gems/ruby-1.9.2-p290/bin/thin:19:in `<main>'
127.0.0.1 - - [19/Nov/2011 12:34:32] "GET / HTTP/1.1" 500 30 0.0036
NoMethodError - undefined method `text' for #<Sinatra::Application:0x00000101464f90>:
 /Users/hgimenez/code/play/rtfmroulette/rtfmroulette.rb:4:in `block in <top (required)>'
 /Users/hgimenez/.rvm/gems/ruby-1.9.2-p290/gems/sinatra-1.2.7/lib/sinatra/base.rb:1172:in `call'
 /Users/hgimenez/.rvm/gems/ruby-1.9.2-p290/gems/sinatra-1.2.7/lib/sinatra/base.rb:1172:in `block in compile!'
 /Users/hgimenez/.rvm/gems/ruby-1.9.2-p290/gems/sinatra-1.2.7/lib/sinatra/base.rb:736:in `instance_eval'
 /Users/hgimenez/.rvm/gems/ruby-1.9.2-p290/gems/sinatra-1.2.7/lib/sinatra/base.rb:736:in `route_eval'
 /Users/hgimenez/.rvm/gems/ruby-1.9.2-p290/gems/sinatra-1.2.7/lib/sinatra/base.rb:720:in `block (2 levels) in route!'
 /Users/hgimenez/.rvm/gems/ruby-1.9.2-p290/gems/sinatra-1.2.7/lib/sinatra/base.rb:770:in `block in process_route'
 /Users/hgimenez/.rvm/gems/ruby-1.9.2-p290/gems/sinatra-1.2.7/lib/sinatra/base.rb:767:in `catch'
 /Users/hgimenez/.rvm/gems/ruby-1.9.2-p290/gems/sinatra-1.2.7/lib/sinatra/base.rb:767:in `process_route'
 /Users/hgimenez/.rvm/gems/ruby-1.9.2-p290/gems/sinatra-1.2.7/lib/sinatra/base.rb:719:in `block in route!'
 /Users/hgimenez/.rvm/gems/ruby-1.9.2-p290/gems/sinatra-1.2.7/lib/sinatra/base.rb:718:in `each'
 /Users/hgimenez/.rvm/gems/ruby-1.9.2-p290/gems/sinatra-1.2.7/lib/sinatra/base.rb:718:in `route!'
 /Users/hgimenez/.rvm/gems/ruby-1.9.2-p290/gems/sinatra-1.2.7/lib/sinatra/base.rb:854:in `dispatch!'
 /Users/hgimenez/.rvm/gems/ruby-1.9.2-p290/gems/sinatra-1.2.7/lib/sinatra/base.rb:656:in `block in call!'
 /Users/hgimenez/.rvm/gems/ruby-1.9.2-p290/gems/sinatra-1.2.7/lib/sinatra/base.rb:820:in `block in invoke'
 /Users/hgimenez/.rvm/gems/ruby-1.9.2-p290/gems/sinatra-1.2.7/lib/sinatra/base.rb:820:in `catch'
 /Users/hgimenez/.rvm/gems/ruby-1.9.2-p290/gems/sinatra-1.2.7/lib/sinatra/base.rb:820:in `invoke'
 /Users/hgimenez/.rvm/gems/ruby-1.9.2-p290/gems/sinatra-1.2.7/lib/sinatra/base.rb:656:in `call!'
 /Users/hgimenez/.rvm/gems/ruby-1.9.2-p290/gems/sinatra-1.2.7/lib/sinatra/base.rb:641:in `call'
 /Users/hgimenez/.rvm/gems/ruby-1.9.2-p290/gems/rack-1.3.5/lib/rack/head.rb:9:in `call'
 /Users/hgimenez/.rvm/gems/ruby-1.9.2-p290/gems/rack-1.3.5/lib/rack/commonlogger.rb:20:in `call'
 /Users/hgimenez/.rvm/gems/ruby-1.9.2-p290/gems/rack-1.3.5/lib/rack/methodoverride.rb:24:in `call'
 /Users/hgimenez/.rvm/gems/ruby-1.9.2-p290/gems/sinatra-1.2.7/lib/sinatra/base.rb:1292:in `block in call'
 /Users/hgimenez/.rvm/gems/ruby-1.9.2-p290/gems/sinatra-1.2.7/lib/sinatra/base.rb:1323:in `synchronize'
 /Users/hgimenez/.rvm/gems/ruby-1.9.2-p290/gems/sinatra-1.2.7/lib/sinatra/base.rb:1292:in `call'
 /Users/hgimenez/.rvm/gems/ruby-1.9.2-p290/gems/thin-1.2.11/lib/thin/connection.rb:84:in `block in pre_process'
 /Users/hgimenez/.rvm/gems/ruby-1.9.2-p290/gems/thin-1.2.11/lib/thin/connection.rb:82:in `catch'
 /Users/hgimenez/.rvm/gems/ruby-1.9.2-p290/gems/thin-1.2.11/lib/thin/connection.rb:82:in `pre_process'
 /Users/hgimenez/.rvm/gems/ruby-1.9.2-p290/gems/thin-1.2.11/lib/thin/connection.rb:57:in `process'
 /Users/hgimenez/.rvm/gems/ruby-1.9.2-p290/gems/thin-1.2.11/lib/thin/connection.rb:42:in `receive_data'
 /Users/hgimenez/.rvm/gems/ruby-1.9.2-p290/gems/eventmachine-0.12.10/lib/eventmachine.rb:256:in `run_machine'
 /Users/hgimenez/.rvm/gems/ruby-1.9.2-p290/gems/eventmachine-0.12.10/lib/eventmachine.rb:256:in `run'
 /Users/hgimenez/.rvm/gems/ruby-1.9.2-p290/gems/thin-1.2.11/lib/thin/backends/base.rb:61:in `start'
 /Users/hgimenez/.rvm/gems/ruby-1.9.2-p290/gems/thin-1.2.11/lib/thin/server.rb:159:in `start'
 /Users/hgimenez/.rvm/gems/ruby-1.9.2-p290/gems/thin-1.2.11/lib/thin/controllers/controller.rb:86:in `start'
 /Users/hgimenez/.rvm/gems/ruby-1.9.2-p290/gems/thin-1.2.11/lib/thin/runner.rb:185:in `run_command'
 /Users/hgimenez/.rvm/gems/ruby-1.9.2-p290/gems/thin-1.2.11/lib/thin/runner.rb:151:in `run!'
 /Users/hgimenez/.rvm/gems/ruby-1.9.2-p290/gems/thin-1.2.11/bin/thin:6:in `<top (required)>'
 /Users/hgimenez/.rvm/gems/ruby-1.9.2-p290/bin/thin:19:in `load'
 /Users/hgimenez/.rvm/gems/ruby-1.9.2-p290/bin/thin:19:in `<main>'
127.0.0.1 - - [19/Nov/2011 12:34:50] "GET / HTTP/1.1" 500 30 0.0008
NoMethodError - undefined method `text' for #<Sinatra::Application:0x00000101448908>:
 /Users/hgimenez/code/play/rtfmroulette/rtfmroulette.rb:4:in `block in <top (required)>'
 /Users/hgimenez/.rvm/gems/ruby-1.9.2-p290/gems/sinatra-1.2.7/lib/sinatra/base.rb:1172:in `call'
 /Users/hgimenez/.rvm/gems/ruby-1.9.2-p290/gems/sinatra-1.2.7/lib/sinatra/base.rb:1172:in `block in compile!'
 /Users/hgimenez/.rvm/gems/ruby-1.9.2-p290/gems/sinatra-1.2.7/lib/sinatra/base.rb:736:in `instance_eval'
 /Users/hgimenez/.rvm/gems/ruby-1.9.2-p290/gems/sinatra-1.2.7/lib/sinatra/base.rb:736:in `route_eval'
 /Users/hgimenez/.rvm/gems/ruby-1.9.2-p290/gems/sinatra-1.2.7/lib/sinatra/base.rb:720:in `block (2 levels) in route!'
 /Users/hgimenez/.rvm/gems/ruby-1.9.2-p290/gems/sinatra-1.2.7/lib/sinatra/base.rb:770:in `block in process_route'
 /Users/hgimenez/.rvm/gems/ruby-1.9.2-p290/gems/sinatra-1.2.7/lib/sinatra/base.rb:767:in `catch'
 /Users/hgimenez/.rvm/gems/ruby-1.9.2-p290/gems/sinatra-1.2.7/lib/sinatra/base.rb:767:in `process_route'
 /Users/hgimenez/.rvm/gems/ruby-1.9.2-p290/gems/sinatra-1.2.7/lib/sinatra/base.rb:719:in `block in route!'
 /Users/hgimenez/.rvm/gems/ruby-1.9.2-p290/gems/sinatra-1.2.7/lib/sinatra/base.rb:718:in `each'
 /Users/hgimenez/.rvm/gems/ruby-1.9.2-p290/gems/sinatra-1.2.7/lib/sinatra/base.rb:718:in `route!'
 /Users/hgimenez/.rvm/gems/ruby-1.9.2-p290/gems/sinatra-1.2.7/lib/sinatra/base.rb:854:in `dispatch!'
 /Users/hgimenez/.rvm/gems/ruby-1.9.2-p290/gems/sinatra-1.2.7/lib/sinatra/base.rb:656:in `block in call!'
 /Users/hgimenez/.rvm/gems/ruby-1.9.2-p290/gems/sinatra-1.2.7/lib/sinatra/base.rb:820:in `block in invoke'
 /Users/hgimenez/.rvm/gems/ruby-1.9.2-p290/gems/sinatra-1.2.7/lib/sinatra/base.rb:820:in `catch'
 /Users/hgimenez/.rvm/gems/ruby-1.9.2-p290/gems/sinatra-1.2.7/lib/sinatra/base.rb:820:in `invoke'
 /Users/hgimenez/.rvm/gems/ruby-1.9.2-p290/gems/sinatra-1.2.7/lib/sinatra/base.rb:656:in `call!'
 /Users/hgimenez/.rvm/gems/ruby-1.9.2-p290/gems/sinatra-1.2.7/lib/sinatra/base.rb:641:in `call'
 /Users/hgimenez/.rvm/gems/ruby-1.9.2-p290/gems/rack-1.3.5/lib/rack/head.rb:9:in `call'
 /Users/hgimenez/.rvm/gems/ruby-1.9.2-p290/gems/rack-1.3.5/lib/rack/commonlogger.rb:20:in `call'
 /Users/hgimenez/.rvm/gems/ruby-1.9.2-p290/gems/rack-1.3.5/lib/rack/methodoverride.rb:24:in `call'
 /Users/hgimenez/.rvm/gems/ruby-1.9.2-p290/gems/sinatra-1.2.7/lib/sinatra/base.rb:1292:in `block in call'
 /Users/hgimenez/.rvm/gems/ruby-1.9.2-p290/gems/sinatra-1.2.7/lib/sinatra/base.rb:1323:in `synchronize'
 /Users/hgimenez/.rvm/gems/ruby-1.9.2-p290/gems/sinatra-1.2.7/lib/sinatra/base.rb:1292:in `call'
 /Users/hgimenez/.rvm/gems/ruby-1.9.2-p290/gems/thin-1.2.11/lib/thin/connection.rb:84:in `block in pre_process'
 /Users/hgimenez/.rvm/gems/ruby-1.9.2-p290/gems/thin-1.2.11/lib/thin/connection.rb:82:in `catch'
 /Users/hgimenez/.rvm/gems/ruby-1.9.2-p290/gems/thin-1.2.11/lib/thin/connection.rb:82:in `pre_process'
 /Users/hgimenez/.rvm/gems/ruby-1.9.2-p290/gems/thin-1.2.11/lib/thin/connection.rb:57:in `process'
 /Users/hgimenez/.rvm/gems/ruby-1.9.2-p290/gems/thin-1.2.11/lib/thin/connection.rb:42:in `receive_data'
 /Users/hgimenez/.rvm/gems/ruby-1.9.2-p290/gems/eventmachine-0.12.10/lib/eventmachine.rb:256:in `run_machine'
 /Users/hgimenez/.rvm/gems/ruby-1.9.2-p290/gems/eventmachine-0.12.10/lib/eventmachine.rb:256:in `run'
 /Users/hgimenez/.rvm/gems/ruby-1.9.2-p290/gems/thin-1.2.11/lib/thin/backends/base.rb:61:in `start'
 /Users/hgimenez/.rvm/gems/ruby-1.9.2-p290/gems/thin-1.2.11/lib/thin/server.rb:159:in `start'
 /Users/hgimenez/.rvm/gems/ruby-1.9.2-p290/gems/thin-1.2.11/lib/thin/controllers/controller.rb:86:in `start'
 /Users/hgimenez/.rvm/gems/ruby-1.9.2-p290/gems/thin-1.2.11/lib/thin/runner.rb:185:in `run_command'
 /Users/hgimenez/.rvm/gems/ruby-1.9.2-p290/gems/thin-1.2.11/lib/thin/runner.rb:151:in `run!'
 /Users/hgimenez/.rvm/gems/ruby-1.9.2-p290/gems/thin-1.2.11/bin/thin:6:in `<top (required)>'
 /Users/hgimenez/.rvm/gems/ruby-1.9.2-p290/bin/thin:19:in `load'
 /Users/hgimenez/.rvm/gems/ruby-1.9.2-p290/bin/thin:19:in `<main>'
127.0.0.1 - - [19/Nov/2011 12:35:02] "GET / HTTP/1.1" 500 30 0.0009
NoMethodError - undefined method `text' for #<Sinatra::Application:0x00000101435880>:
 /Users/hgimenez/code/play/rtfmroulette/rtfmroulette.rb:4:in `block in <top (required)>'
 /Users/hgimenez/.rvm/gems/ruby-1.9.2-p290/gems/sinatra-1.2.7/lib/sinatra/base.rb:1172:in `call'
 /Users/hgimenez/.rvm/gems/ruby-1.9.2-p290/gems/sinatra-1.2.7/lib/sinatra/base.rb:1172:in `block in compile!'
 /Users/hgimenez/.rvm/gems/ruby-1.9.2-p290/gems/sinatra-1.2.7/lib/sinatra/base.rb:736:in `instance_eval'
 /Users/hgimenez/.rvm/gems/ruby-1.9.2-p290/gems/sinatra-1.2.7/lib/sinatra/base.rb:736:in `route_eval'
 /Users/hgimenez/.rvm/gems/ruby-1.9.2-p290/gems/sinatra-1.2.7/lib/sinatra/base.rb:720:in `block (2 levels) in route!'
 /Users/hgimenez/.rvm/gems/ruby-1.9.2-p290/gems/sinatra-1.2.7/lib/sinatra/base.rb:770:in `block in process_route'
 /Users/hgimenez/.rvm/gems/ruby-1.9.2-p290/gems/sinatra-1.2.7/lib/sinatra/base.rb:767:in `catch'
 /Users/hgimenez/.rvm/gems/ruby-1.9.2-p290/gems/sinatra-1.2.7/lib/sinatra/base.rb:767:in `process_route'
 /Users/hgimenez/.rvm/gems/ruby-1.9.2-p290/gems/sinatra-1.2.7/lib/sinatra/base.rb:719:in `block in route!'
 /Users/hgimenez/.rvm/gems/ruby-1.9.2-p290/gems/sinatra-1.2.7/lib/sinatra/base.rb:718:in `each'
 /Users/hgimenez/.rvm/gems/ruby-1.9.2-p290/gems/sinatra-1.2.7/lib/sinatra/base.rb:718:in `route!'
 /Users/hgimenez/.rvm/gems/ruby-1.9.2-p290/gems/sinatra-1.2.7/lib/sinatra/base.rb:854:in `dispatch!'
 /Users/hgimenez/.rvm/gems/ruby-1.9.2-p290/gems/sinatra-1.2.7/lib/sinatra/base.rb:656:in `block in call!'
 /Users/hgimenez/.rvm/gems/ruby-1.9.2-p290/gems/sinatra-1.2.7/lib/sinatra/base.rb:820:in `block in invoke'
 /Users/hgimenez/.rvm/gems/ruby-1.9.2-p290/gems/sinatra-1.2.7/lib/sinatra/base.rb:820:in `catch'
 /Users/hgimenez/.rvm/gems/ruby-1.9.2-p290/gems/sinatra-1.2.7/lib/sinatra/base.rb:820:in `invoke'
 /Users/hgimenez/.rvm/gems/ruby-1.9.2-p290/gems/sinatra-1.2.7/lib/sinatra/base.rb:656:in `call!'
 /Users/hgimenez/.rvm/gems/ruby-1.9.2-p290/gems/sinatra-1.2.7/lib/sinatra/base.rb:641:in `call'
 /Users/hgimenez/.rvm/gems/ruby-1.9.2-p290/gems/rack-1.3.5/lib/rack/head.rb:9:in `call'
 /Users/hgimenez/.rvm/gems/ruby-1.9.2-p290/gems/rack-1.3.5/lib/rack/commonlogger.rb:20:in `call'
 /Users/hgimenez/.rvm/gems/ruby-1.9.2-p290/gems/rack-1.3.5/lib/rack/methodoverride.rb:24:in `call'
 /Users/hgimenez/.rvm/gems/ruby-1.9.2-p290/gems/sinatra-1.2.7/lib/sinatra/base.rb:1292:in `block in call'
 /Users/hgimenez/.rvm/gems/ruby-1.9.2-p290/gems/sinatra-1.2.7/lib/sinatra/base.rb:1323:in `synchronize'
 /Users/hgimenez/.rvm/gems/ruby-1.9.2-p290/gems/sinatra-1.2.7/lib/sinatra/base.rb:1292:in `call'
 /Users/hgimenez/.rvm/gems/ruby-1.9.2-p290/gems/thin-1.2.11/lib/thin/connection.rb:84:in `block in pre_process'
 /Users/hgimenez/.rvm/gems/ruby-1.9.2-p290/gems/thin-1.2.11/lib/thin/connection.rb:82:in `catch'
 /Users/hgimenez/.rvm/gems/ruby-1.9.2-p290/gems/thin-1.2.11/lib/thin/connection.rb:82:in `pre_process'
 /Users/hgimenez/.rvm/gems/ruby-1.9.2-p290/gems/thin-1.2.11/lib/thin/connection.rb:57:in `process'
 /Users/hgimenez/.rvm/gems/ruby-1.9.2-p290/gems/thin-1.2.11/lib/thin/connection.rb:42:in `receive_data'
 /Users/hgimenez/.rvm/gems/ruby-1.9.2-p290/gems/eventmachine-0.12.10/lib/eventmachine.rb:256:in `run_machine'
 /Users/hgimenez/.rvm/gems/ruby-1.9.2-p290/gems/eventmachine-0.12.10/lib/eventmachine.rb:256:in `run'
 /Users/hgimenez/.rvm/gems/ruby-1.9.2-p290/gems/thin-1.2.11/lib/thin/backends/base.rb:61:in `start'
 /Users/hgimenez/.rvm/gems/ruby-1.9.2-p290/gems/thin-1.2.11/lib/thin/server.rb:159:in `start'
 /Users/hgimenez/.rvm/gems/ruby-1.9.2-p290/gems/thin-1.2.11/lib/thin/controllers/controller.rb:86:in `start'
 /Users/hgimenez/.rvm/gems/ruby-1.9.2-p290/gems/thin-1.2.11/lib/thin/runner.rb:185:in `run_command'
 /Users/hgimenez/.rvm/gems/ruby-1.9.2-p290/gems/thin-1.2.11/lib/thin/runner.rb:151:in `run!'
 /Users/hgimenez/.rvm/gems/ruby-1.9.2-p290/gems/thin-1.2.11/bin/thin:6:in `<top (required)>'
 /Users/hgimenez/.rvm/gems/ruby-1.9.2-p290/bin/thin:19:in `load'
 /Users/hgimenez/.rvm/gems/ruby-1.9.2-p290/bin/thin:19:in `<main>'
127.0.0.1 - - [19/Nov/2011 12:35:09] "GET / HTTP/1.1" 500 30 0.0016
NoMethodError - undefined method `text' for #<Sinatra::Application:0x00000101426f60>:
 /Users/hgimenez/code/play/rtfmroulette/rtfmroulette.rb:4:in `block in <top (required)>'
 /Users/hgimenez/.rvm/gems/ruby-1.9.2-p290/gems/sinatra-1.2.7/lib/sinatra/base.rb:1172:in `call'
 /Users/hgimenez/.rvm/gems/ruby-1.9.2-p290/gems/sinatra-1.2.7/lib/sinatra/base.rb:1172:in `block in compile!'
 /Users/hgimenez/.rvm/gems/ruby-1.9.2-p290/gems/sinatra-1.2.7/lib/sinatra/base.rb:736:in `instance_eval'
 /Users/hgimenez/.rvm/gems/ruby-1.9.2-p290/gems/sinatra-1.2.7/lib/sinatra/base.rb:736:in `route_eval'
 /Users/hgimenez/.rvm/gems/ruby-1.9.2-p290/gems/sinatra-1.2.7/lib/sinatra/base.rb:720:in `block (2 levels) in route!'
 /Users/hgimenez/.rvm/gems/ruby-1.9.2-p290/gems/sinatra-1.2.7/lib/sinatra/base.rb:770:in `block in process_route'
 /Users/hgimenez/.rvm/gems/ruby-1.9.2-p290/gems/sinatra-1.2.7/lib/sinatra/base.rb:767:in `catch'
 /Users/hgimenez/.rvm/gems/ruby-1.9.2-p290/gems/sinatra-1.2.7/lib/sinatra/base.rb:767:in `process_route'
 /Users/hgimenez/.rvm/gems/ruby-1.9.2-p290/gems/sinatra-1.2.7/lib/sinatra/base.rb:719:in `block in route!'
 /Users/hgimenez/.rvm/gems/ruby-1.9.2-p290/gems/sinatra-1.2.7/lib/sinatra/base.rb:718:in `each'
 /Users/hgimenez/.rvm/gems/ruby-1.9.2-p290/gems/sinatra-1.2.7/lib/sinatra/base.rb:718:in `route!'
 /Users/hgimenez/.rvm/gems/ruby-1.9.2-p290/gems/sinatra-1.2.7/lib/sinatra/base.rb:854:in `dispatch!'
 /Users/hgimenez/.rvm/gems/ruby-1.9.2-p290/gems/sinatra-1.2.7/lib/sinatra/base.rb:656:in `block in call!'
 /Users/hgimenez/.rvm/gems/ruby-1.9.2-p290/gems/sinatra-1.2.7/lib/sinatra/base.rb:820:in `block in invoke'
 /Users/hgimenez/.rvm/gems/ruby-1.9.2-p290/gems/sinatra-1.2.7/lib/sinatra/base.rb:820:in `catch'
 /Users/hgimenez/.rvm/gems/ruby-1.9.2-p290/gems/sinatra-1.2.7/lib/sinatra/base.rb:820:in `invoke'
 /Users/hgimenez/.rvm/gems/ruby-1.9.2-p290/gems/sinatra-1.2.7/lib/sinatra/base.rb:656:in `call!'
 /Users/hgimenez/.rvm/gems/ruby-1.9.2-p290/gems/sinatra-1.2.7/lib/sinatra/base.rb:641:in `call'
 /Users/hgimenez/.rvm/gems/ruby-1.9.2-p290/gems/rack-1.3.5/lib/rack/head.rb:9:in `call'
 /Users/hgimenez/.rvm/gems/ruby-1.9.2-p290/gems/rack-1.3.5/lib/rack/commonlogger.rb:20:in `call'
 /Users/hgimenez/.rvm/gems/ruby-1.9.2-p290/gems/rack-1.3.5/lib/rack/methodoverride.rb:24:in `call'
 /Users/hgimenez/.rvm/gems/ruby-1.9.2-p290/gems/sinatra-1.2.7/lib/sinatra/base.rb:1292:in `block in call'
 /Users/hgimenez/.rvm/gems/ruby-1.9.2-p290/gems/sinatra-1.2.7/lib/sinatra/base.rb:1323:in `synchronize'
 /Users/hgimenez/.rvm/gems/ruby-1.9.2-p290/gems/sinatra-1.2.7/lib/sinatra/base.rb:1292:in `call'
 /Users/hgimenez/.rvm/gems/ruby-1.9.2-p290/gems/thin-1.2.11/lib/thin/connection.rb:84:in `block in pre_process'
 /Users/hgimenez/.rvm/gems/ruby-1.9.2-p290/gems/thin-1.2.11/lib/thin/connection.rb:82:in `catch'
 /Users/hgimenez/.rvm/gems/ruby-1.9.2-p290/gems/thin-1.2.11/lib/thin/connection.rb:82:in `pre_process'
 /Users/hgimenez/.rvm/gems/ruby-1.9.2-p290/gems/thin-1.2.11/lib/thin/connection.rb:57:in `process'
 /Users/hgimenez/.rvm/gems/ruby-1.9.2-p290/gems/thin-1.2.11/lib/thin/connection.rb:42:in `receive_data'
 /Users/hgimenez/.rvm/gems/ruby-1.9.2-p290/gems/eventmachine-0.12.10/lib/eventmachine.rb:256:in `run_machine'
 /Users/hgimenez/.rvm/gems/ruby-1.9.2-p290/gems/eventmachine-0.12.10/lib/eventmachine.rb:256:in `run'
 /Users/hgimenez/.rvm/gems/ruby-1.9.2-p290/gems/thin-1.2.11/lib/thin/backends/base.rb:61:in `start'
 /Users/hgimenez/.rvm/gems/ruby-1.9.2-p290/gems/thin-1.2.11/lib/thin/server.rb:159:in `start'
 /Users/hgimenez/.rvm/gems/ruby-1.9.2-p290/gems/thin-1.2.11/lib/thin/controllers/controller.rb:86:in `start'
 /Users/hgimenez/.rvm/gems/ruby-1.9.2-p290/gems/thin-1.2.11/lib/thin/runner.rb:185:in `run_command'
 /Users/hgimenez/.rvm/gems/ruby-1.9.2-p290/gems/thin-1.2.11/lib/thin/runner.rb:151:in `run!'
 /Users/hgimenez/.rvm/gems/ruby-1.9.2-p290/gems/thin-1.2.11/bin/thin:6:in `<top (required)>'
 /Users/hgimenez/.rvm/gems/ruby-1.9.2-p290/bin/thin:19:in `load'
 /Users/hgimenez/.rvm/gems/ruby-1.9.2-p290/bin/thin:19:in `<main>'
127.0.0.1 - - [19/Nov/2011 12:35:10] "GET / HTTP/1.1" 500 30 0.0008
NoMethodError - undefined method `text' for #<Sinatra::Application:0x00000101412f38>:
 /Users/hgimenez/code/play/rtfmroulette/rtfmroulette.rb:4:in `block in <top (required)>'
 /Users/hgimenez/.rvm/gems/ruby-1.9.2-p290/gems/sinatra-1.2.7/lib/sinatra/base.rb:1172:in `call'
 /Users/hgimenez/.rvm/gems/ruby-1.9.2-p290/gems/sinatra-1.2.7/lib/sinatra/base.rb:1172:in `block in compile!'
 /Users/hgimenez/.rvm/gems/ruby-1.9.2-p290/gems/sinatra-1.2.7/lib/sinatra/base.rb:736:in `instance_eval'
 /Users/hgimenez/.rvm/gems/ruby-1.9.2-p290/gems/sinatra-1.2.7/lib/sinatra/base.rb:736:in `route_eval'
 /Users/hgimenez/.rvm/gems/ruby-1.9.2-p290/gems/sinatra-1.2.7/lib/sinatra/base.rb:720:in `block (2 levels) in route!'
 /Users/hgimenez/.rvm/gems/ruby-1.9.2-p290/gems/sinatra-1.2.7/lib/sinatra/base.rb:770:in `block in process_route'
 /Users/hgimenez/.rvm/gems/ruby-1.9.2-p290/gems/sinatra-1.2.7/lib/sinatra/base.rb:767:in `catch'
 /Users/hgimenez/.rvm/gems/ruby-1.9.2-p290/gems/sinatra-1.2.7/lib/sinatra/base.rb:767:in `process_route'
 /Users/hgimenez/.rvm/gems/ruby-1.9.2-p290/gems/sinatra-1.2.7/lib/sinatra/base.rb:719:in `block in route!'
 /Users/hgimenez/.rvm/gems/ruby-1.9.2-p290/gems/sinatra-1.2.7/lib/sinatra/base.rb:718:in `each'
 /Users/hgimenez/.rvm/gems/ruby-1.9.2-p290/gems/sinatra-1.2.7/lib/sinatra/base.rb:718:in `route!'
 /Users/hgimenez/.rvm/gems/ruby-1.9.2-p290/gems/sinatra-1.2.7/lib/sinatra/base.rb:854:in `dispatch!'
 /Users/hgimenez/.rvm/gems/ruby-1.9.2-p290/gems/sinatra-1.2.7/lib/sinatra/base.rb:656:in `block in call!'
 /Users/hgimenez/.rvm/gems/ruby-1.9.2-p290/gems/sinatra-1.2.7/lib/sinatra/base.rb:820:in `block in invoke'
 /Users/hgimenez/.rvm/gems/ruby-1.9.2-p290/gems/sinatra-1.2.7/lib/sinatra/base.rb:820:in `catch'
 /Users/hgimenez/.rvm/gems/ruby-1.9.2-p290/gems/sinatra-1.2.7/lib/sinatra/base.rb:820:in `invoke'
 /Users/hgimenez/.rvm/gems/ruby-1.9.2-p290/gems/sinatra-1.2.7/lib/sinatra/base.rb:656:in `call!'
 /Users/hgimenez/.rvm/gems/ruby-1.9.2-p290/gems/sinatra-1.2.7/lib/sinatra/base.rb:641:in `call'
 /Users/hgimenez/.rvm/gems/ruby-1.9.2-p290/gems/rack-1.3.5/lib/rack/head.rb:9:in `call'
 /Users/hgimenez/.rvm/gems/ruby-1.9.2-p290/gems/rack-1.3.5/lib/rack/commonlogger.rb:20:in `call'
 /Users/hgimenez/.rvm/gems/ruby-1.9.2-p290/gems/rack-1.3.5/lib/rack/methodoverride.rb:24:in `call'
 /Users/hgimenez/.rvm/gems/ruby-1.9.2-p290/gems/sinatra-1.2.7/lib/sinatra/base.rb:1292:in `block in call'
 /Users/hgimenez/.rvm/gems/ruby-1.9.2-p290/gems/sinatra-1.2.7/lib/sinatra/base.rb:1323:in `synchronize'
 /Users/hgimenez/.rvm/gems/ruby-1.9.2-p290/gems/sinatra-1.2.7/lib/sinatra/base.rb:1292:in `call'
 /Users/hgimenez/.rvm/gems/ruby-1.9.2-p290/gems/thin-1.2.11/lib/thin/connection.rb:84:in `block in pre_process'
 /Users/hgimenez/.rvm/gems/ruby-1.9.2-p290/gems/thin-1.2.11/lib/thin/connection.rb:82:in `catch'
 /Users/hgimenez/.rvm/gems/ruby-1.9.2-p290/gems/thin-1.2.11/lib/thin/connection.rb:82:in `pre_process'
 /Users/hgimenez/.rvm/gems/ruby-1.9.2-p290/gems/thin-1.2.11/lib/thin/connection.rb:57:in `process'
 /Users/hgimenez/.rvm/gems/ruby-1.9.2-p290/gems/thin-1.2.11/lib/thin/connection.rb:42:in `receive_data'
 /Users/hgimenez/.rvm/gems/ruby-1.9.2-p290/gems/eventmachine-0.12.10/lib/eventmachine.rb:256:in `run_machine'
 /Users/hgimenez/.rvm/gems/ruby-1.9.2-p290/gems/eventmachine-0.12.10/lib/eventmachine.rb:256:in `run'
 /Users/hgimenez/.rvm/gems/ruby-1.9.2-p290/gems/thin-1.2.11/lib/thin/backends/base.rb:61:in `start'
 /Users/hgimenez/.rvm/gems/ruby-1.9.2-p290/gems/thin-1.2.11/lib/thin/server.rb:159:in `start'
 /Users/hgimenez/.rvm/gems/ruby-1.9.2-p290/gems/thin-1.2.11/lib/thin/controllers/controller.rb:86:in `start'
 /Users/hgimenez/.rvm/gems/ruby-1.9.2-p290/gems/thin-1.2.11/lib/thin/runner.rb:185:in `run_command'
 /Users/hgimenez/.rvm/gems/ruby-1.9.2-p290/gems/thin-1.2.11/lib/thin/runner.rb:151:in `run!'
 /Users/hgimenez/.rvm/gems/ruby-1.9.2-p290/gems/thin-1.2.11/bin/thin:6:in `<top (required)>'
 /Users/hgimenez/.rvm/gems/ruby-1.9.2-p290/bin/thin:19:in `load'
 /Users/hgimenez/.rvm/gems/ruby-1.9.2-p290/bin/thin:19:in `<main>'>> Thin web server (v1.2.11 codename Bat-Shit Crazy)
>> Maximum connections set to 1024
>> Listening on 0.0.0.0:5000, CTRL+C to stop
>> Stopping ...

127.0.0.1 - - [19/Nov/2011 12:35:19] "GET / HTTP/1.1" 500 30 0.0009
>> Thin web server (v1.2.11 codename Bat-Shit Crazy)
>> Maximum connections set to 1024
>> Listening on 0.0.0.0:5000, CTRL+C to stop
>> Stopping ...
127.0.0.1 - - [19/Nov/2011 12:37:23] "GET / HTTP/1.1" 200 2 0.0117
>> Thin web server (v1.2.11 codename Bat-Shit Crazy)
>> Maximum connections set to 1024
>> Listening on 0.0.0.0:5000, CTRL+C to stop
>> Stopping ...
127.0.0.1 - - [19/Nov/2011 12:38:34] "GET / HTTP/1.1" 200 2 0.0046
127.0.0.1 - - [19/Nov/2011 12:38:39] "GET / HTTP/1.1" 200 2 0.0005
127.0.0.1 - - [19/Nov/2011 12:38:42] "GET / HTTP/1.1" 200 2 0.0004
127.0.0.1 - - [19/Nov/2011 12:47:04] "GET / HTTP/1.1" 200 2 0.0004
>> Thin web server (v1.2.11 codename Bat-Shit Crazy)
>> Maximum connections set to 1024
>> Listening on 0.0.0.0:5000, CTRL+C to stop
>> Stopping ...
[2011-11-19 14:25:18] INFO  WEBrick 1.3.1
[2011-11-19 14:25:18] INFO  ruby 1.9.2 (2011-07-09) [x86_64-darwin10.8.0]
[2011-11-19 14:25:18] INFO  WEBrick::HTTPServer#start: pid=5901 port=9292
[2011-11-19 14:26:17] INFO  going to shutdown ...
[2011-11-19 14:26:17] INFO  WEBrick::HTTPServer#start done.
>> Thin web server (v1.2.11 codename Bat-Shit Crazy)
>> Maximum connections set to 1024
>> Listening on 0.0.0.0:5000, CTRL+C to stop
>> Stopping ...
127.0.0.1 - - [19/Nov/2011 14:27:50] "GET / HTTP/1.1" 200 216 0.0043
